<?xml version="1.0" encoding="UTF-8"?>
<!-- Generated by org.testng.reporters.JUnitXMLReporter -->
<testsuite ignored="4" hostname="ip-192-168-2-122.ec2.internal" failures="0" tests="5" name="Test" time="36.494" errors="0" timestamp="27 Feb 2020 12:59:10 GMT">
  <testcase classname="testcases.LoginTest" name="loginTest" time="10.055"/>
  <testcase classname="testcases.CreateTweetTest" name="createTweetTest" time="1.629"/>
  <testcase classname="testcases.LikeTweetTest" name="likeTweetTest" time="4.182"/>
  <testcase classname="testcases.ReplyTweetTest" name="replyTweetTest" time="4.848"/>
  <testcase classname="testcases.DeleteTweetTest" name="deleteTweetTest" time="15.288"/>
  <testcase classname="testcases.BaseTest" name="@AfterSuite teardown" time="0.0">
    <ignored/>
  </testcase> <!-- @AfterSuite teardown -->
  <testcase classname="testcases.BaseTest" name="@AfterSuite teardown" time="0.0">
    <ignored/>
  </testcase> <!-- @AfterSuite teardown -->
  <testcase classname="testcases.BaseTest" name="@AfterSuite teardown" time="0.0">
    <ignored/>
  </testcase> <!-- @AfterSuite teardown -->
  <testcase classname="testcases.BaseTest" name="@AfterSuite teardown" time="0.0">
    <ignored/>
  </testcase> <!-- @AfterSuite teardown -->
</testsuite> <!-- Test -->
